<?xml version="1.0" encoding="UTF-8"?>
<!-- Generated by org.testng.reporters.JUnitReportReporter -->
<testsuite hostname="DESKTOP-G0E75QA" failures="0" tests="2" name="com.eva.vtiger.utils.DataProvider1" time="18.760" errors="0" timestamp="2023-12-28T08:56:06 IST" skipped="0">
  <testcase classname="com.eva.vtiger.utils.DataProvider1" name="TestLogin" time="10.126"/>
  <system-out/>
  <testcase classname="com.eva.vtiger.utils.DataProvider1" name="TestLogin" time="8.634"/>
  <system-out/>
</testsuite> <!-- com.eva.vtiger.utils.DataProvider1 -->
