<?xml version="1.0" encoding="UTF-8"?>
<!-- Generated by org.testng.reporters.JUnitReportReporter -->
<testsuite hostname="DESKTOP-G0E75QA" failures="0" tests="2" name="com.eva.vtiger.base.TestingTestng" time="0.015" errors="0" timestamp="2023-11-09T15:57:10 IST" skipped="0">
  <testcase classname="com.eva.vtiger.base.TestingTestng" name="test2" time="0.014"/>
  <testcase classname="com.eva.vtiger.base.TestingTestng" name="test1" time="0.001"/>
</testsuite> <!-- com.eva.vtiger.base.TestingTestng -->
