<?xml version="1.0" encoding="UTF-8"?>
<!-- Generated by org.testng.reporters.JUnitReportReporter -->
<testsuite hostname="DESKTOP-G0E75QA" failures="0" tests="5" name="com.eva.vtiger.marketingtestscripts.MarketingAccountTestScripts" time="190.547" errors="0" timestamp="2023-10-30T22:11:58 IST" skipped="0">
  <testcase classname="com.eva.vtiger.marketingtestscripts.MarketingAccountTestScripts" name="verifyVT001CreateAccount" time="45.952"/>
  <testcase classname="com.eva.vtiger.marketingtestscripts.MarketingAccountTestScripts" name="verifyVT003SearchAccount" time="44.981"/>
  <testcase classname="com.eva.vtiger.marketingtestscripts.MarketingAccountTestScripts" name="verifyVT002DeleteAccount" time="34.771"/>
  <testcase classname="com.eva.vtiger.marketingtestscripts.MarketingAccountTestScripts" name="verifyVT004DuplicateAccount" time="36.698"/>
  <testcase classname="com.eva.vtiger.marketingtestscripts.MarketingAccountTestScripts" name="verifyVT005AccountEditable" time="28.145"/>
</testsuite> <!-- com.eva.vtiger.marketingtestscripts.MarketingAccountTestScripts -->
